
AVRASM ver. 2.1.30  I:\r3\Debug\List\asfgg.asm Sun Dec 29 14:13:54 2019

I:\r3\Debug\List\asfgg.asm(1087): warning: Register r5 already defined by the .DEF directive
I:\r3\Debug\List\asfgg.asm(1088): warning: Register r4 already defined by the .DEF directive
I:\r3\Debug\List\asfgg.asm(1089): warning: Register r7 already defined by the .DEF directive
I:\r3\Debug\List\asfgg.asm(1090): warning: Register r6 already defined by the .DEF directive
I:\r3\Debug\List\asfgg.asm(1091): warning: Register r9 already defined by the .DEF directive
I:\r3\Debug\List\asfgg.asm(1092): warning: Register r8 already defined by the .DEF directive
I:\r3\Debug\List\asfgg.asm(1093): warning: Register r11 already defined by the .DEF directive
                 
                 
                 ;CodeVisionAVR C Compiler V3.12 Advanced
                 ;(C) Copyright 1998-2014 Pavel Haiduc, HP InfoTech s.r.l.
                 ;http://www.hpinfotech.com
                 
                 ;Build configuration    : Debug
                 ;Chip type              : ATmega32A
                 ;Program type           : Application
                 ;Clock frequency        : 4.000000 MHz
                 ;Memory model           : Small
                 ;Optimize for           : Size
                 ;(s)printf features     : int, width
                 ;(s)scanf features      : int, width
                 ;External RAM size      : 0
                 ;Data Stack size        : 512 byte(s)
                 ;Heap size              : 0 byte(s)
                 ;Promote 'char' to 'int': Yes
                 ;'char' is unsigned     : Yes
                 ;8 bit enums            : Yes
                 ;Global 'const' stored in FLASH: Yes
                 ;Enhanced function parameter passing: Yes
                 ;Enhanced core instructions: On
                 ;Automatic register allocation for global variables: On
                 ;Smart register allocation: On
                 
                 	#define _MODEL_SMALL_
                 
                 	#pragma AVRPART ADMIN PART_NAME ATmega32A
                 	#pragma AVRPART MEMORY PROG_FLASH 32768
                 	#pragma AVRPART MEMORY EEPROM 1024
                 	#pragma AVRPART MEMORY INT_SRAM SIZE 2048
                 	#pragma AVRPART MEMORY INT_SRAM START_ADDR 0x60
                 
                 	#define CALL_SUPPORTED 1
                 
                 	.LISTMAC
                 	.EQU UDRE=0x5
                 	.EQU RXC=0x7
                 	.EQU USR=0xB
                 	.EQU UDR=0xC
                 	.EQU SPSR=0xE
                 	.EQU SPDR=0xF
                 	.EQU EERE=0x0
                 	.EQU EEWE=0x1
                 	.EQU EEMWE=0x2
                 	.EQU EECR=0x1C
                 	.EQU EEDR=0x1D
                 	.EQU EEARL=0x1E
                 	.EQU EEARH=0x1F
                 	.EQU WDTCR=0x21
                 	.EQU MCUCR=0x35
                 	.EQU SPL=0x3D
                 	.EQU SPH=0x3E
                 	.EQU SREG=0x3F
                 
                 	.DEF R0X0=R0
                 	.DEF R0X1=R1
                 	.DEF R0X2=R2
                 	.DEF R0X3=R3
                 	.DEF R0X4=R4
                 	.DEF R0X5=R5
                 	.DEF R0X6=R6
                 	.DEF R0X7=R7
                 	.DEF R0X8=R8
                 	.DEF R0X9=R9
                 	.DEF R0XA=R10
                 	.DEF R0XB=R11
                 	.DEF R0XC=R12
                 	.DEF R0XD=R13
                 	.DEF R0XE=R14
                 	.DEF R0XF=R15
                 	.DEF R0X10=R16
                 	.DEF R0X11=R17
                 	.DEF R0X12=R18
                 	.DEF R0X13=R19
                 	.DEF R0X14=R20
                 	.DEF R0X15=R21
                 	.DEF R0X16=R22
                 	.DEF R0X17=R23
                 	.DEF R0X18=R24
                 	.DEF R0X19=R25
                 	.DEF R0X1A=R26
                 	.DEF R0X1B=R27
                 	.DEF R0X1C=R28
                 	.DEF R0X1D=R29
                 	.DEF R0X1E=R30
                 	.DEF R0X1F=R31
                 
                 	.EQU __SRAM_START=0x0060
                 	.EQU __SRAM_END=0x085F
                 	.EQU __DSTACK_SIZE=0x0200
                 	.EQU __HEAP_SIZE=0x0000
                 	.EQU __CLEAR_SRAM_SIZE=__SRAM_END-__SRAM_START+1
                 
                 	.MACRO __CPD1N
                 	CPI  R30,LOW(@0)
                 	LDI  R26,HIGH(@0)
                 	CPC  R31,R26
                 	LDI  R26,BYTE3(@0)
                 	CPC  R22,R26
                 	LDI  R26,BYTE4(@0)
                 	CPC  R23,R26
                 	.ENDM
                 
                 	.MACRO __CPD2N
                 	CPI  R26,LOW(@0)
                 	LDI  R30,HIGH(@0)
                 	CPC  R27,R30
                 	LDI  R30,BYTE3(@0)
                 	CPC  R24,R30
                 	LDI  R30,BYTE4(@0)
                 	CPC  R25,R30
                 	.ENDM
                 
                 	.MACRO __CPWRR
                 	CP   R@0,R@2
                 	CPC  R@1,R@3
                 	.ENDM
                 
                 	.MACRO __CPWRN
                 	CPI  R@0,LOW(@2)
                 	LDI  R30,HIGH(@2)
                 	CPC  R@1,R30
                 	.ENDM
                 
                 	.MACRO __ADDB1MN
                 	SUBI R30,LOW(-@0-(@1))
                 	.ENDM
                 
                 	.MACRO __ADDB2MN
                 	SUBI R26,LOW(-@0-(@1))
                 	.ENDM
                 
                 	.MACRO __ADDW1MN
                 	SUBI R30,LOW(-@0-(@1))
                 	SBCI R31,HIGH(-@0-(@1))
                 	.ENDM
                 
                 	.MACRO __ADDW2MN
                 	SUBI R26,LOW(-@0-(@1))
                 	SBCI R27,HIGH(-@0-(@1))
                 	.ENDM
                 
                 	.MACRO __ADDW1FN
                 	SUBI R30,LOW(-2*@0-(@1))
                 	SBCI R31,HIGH(-2*@0-(@1))
                 	.ENDM
                 
                 	.MACRO __ADDD1FN
                 	SUBI R30,LOW(-2*@0-(@1))
                 	SBCI R31,HIGH(-2*@0-(@1))
                 	SBCI R22,BYTE3(-2*@0-(@1))
                 	.ENDM
                 
                 	.MACRO __ADDD1N
                 	SUBI R30,LOW(-@0)
                 	SBCI R31,HIGH(-@0)
                 	SBCI R22,BYTE3(-@0)
                 	SBCI R23,BYTE4(-@0)
                 	.ENDM
                 
                 	.MACRO __ADDD2N
                 	SUBI R26,LOW(-@0)
                 	SBCI R27,HIGH(-@0)
                 	SBCI R24,BYTE3(-@0)
                 	SBCI R25,BYTE4(-@0)
                 	.ENDM
                 
                 	.MACRO __SUBD1N
                 	SUBI R30,LOW(@0)
                 	SBCI R31,HIGH(@0)
                 	SBCI R22,BYTE3(@0)
                 	SBCI R23,BYTE4(@0)
                 	.ENDM
                 
                 	.MACRO __SUBD2N
                 	SUBI R26,LOW(@0)
                 	SBCI R27,HIGH(@0)
                 	SBCI R24,BYTE3(@0)
                 	SBCI R25,BYTE4(@0)
                 	.ENDM
                 
                 	.MACRO __ANDBMNN
                 	LDS  R30,@0+(@1)
                 	ANDI R30,LOW(@2)
                 	STS  @0+(@1),R30
                 	.ENDM
                 
                 	.MACRO __ANDWMNN
                 	LDS  R30,@0+(@1)
                 	ANDI R30,LOW(@2)
                 	STS  @0+(@1),R30
                 	LDS  R30,@0+(@1)+1
                 	ANDI R30,HIGH(@2)
                 	STS  @0+(@1)+1,R30
                 	.ENDM
                 
                 	.MACRO __ANDD1N
                 	ANDI R30,LOW(@0)
                 	ANDI R31,HIGH(@0)
                 	ANDI R22,BYTE3(@0)
                 	ANDI R23,BYTE4(@0)
                 	.ENDM
                 
                 	.MACRO __ANDD2N
                 	ANDI R26,LOW(@0)
                 	ANDI R27,HIGH(@0)
                 	ANDI R24,BYTE3(@0)
                 	ANDI R25,BYTE4(@0)
                 	.ENDM
                 
                 	.MACRO __ORBMNN
                 	LDS  R30,@0+(@1)
                 	ORI  R30,LOW(@2)
                 	STS  @0+(@1),R30
                 	.ENDM
                 
                 	.MACRO __ORWMNN
                 	LDS  R30,@0+(@1)
                 	ORI  R30,LOW(@2)
                 	STS  @0+(@1),R30
                 	LDS  R30,@0+(@1)+1
                 	ORI  R30,HIGH(@2)
                 	STS  @0+(@1)+1,R30
                 	.ENDM
                 
                 	.MACRO __ORD1N
                 	ORI  R30,LOW(@0)
                 	ORI  R31,HIGH(@0)
                 	ORI  R22,BYTE3(@0)
                 	ORI  R23,BYTE4(@0)
                 	.ENDM
                 
                 	.MACRO __ORD2N
                 	ORI  R26,LOW(@0)
                 	ORI  R27,HIGH(@0)
                 	ORI  R24,BYTE3(@0)
                 	ORI  R25,BYTE4(@0)
                 	.ENDM
                 
                 	.MACRO __DELAY_USB
                 	LDI  R24,LOW(@0)
                 __DELAY_USB_LOOP:
                 	DEC  R24
                 	BRNE __DELAY_USB_LOOP
                 	.ENDM
                 
                 	.MACRO __DELAY_USW
                 	LDI  R24,LOW(@0)
                 	LDI  R25,HIGH(@0)
                 __DELAY_USW_LOOP:
                 	SBIW R24,1
                 	BRNE __DELAY_USW_LOOP
                 	.ENDM
                 
                 	.MACRO __GETD1S
                 	LDD  R30,Y+@0
                 	LDD  R31,Y+@0+1
                 	LDD  R22,Y+@0+2
                 	LDD  R23,Y+@0+3
                 	.ENDM
                 
                 	.MACRO __GETD2S
                 	LDD  R26,Y+@0
                 	LDD  R27,Y+@0+1
                 	LDD  R24,Y+@0+2
                 	LDD  R25,Y+@0+3
                 	.ENDM
                 
                 	.MACRO __PUTD1S
                 	STD  Y+@0,R30
                 	STD  Y+@0+1,R31
                 	STD  Y+@0+2,R22
                 	STD  Y+@0+3,R23
                 	.ENDM
                 
                 	.MACRO __PUTD2S
                 	STD  Y+@0,R26
                 	STD  Y+@0+1,R27
                 	STD  Y+@0+2,R24
                 	STD  Y+@0+3,R25
                 	.ENDM
                 
                 	.MACRO __PUTDZ2
                 	STD  Z+@0,R26
                 	STD  Z+@0+1,R27
                 	STD  Z+@0+2,R24
                 	STD  Z+@0+3,R25
                 	.ENDM
                 
                 	.MACRO __CLRD1S
                 	STD  Y+@0,R30
                 	STD  Y+@0+1,R30
                 	STD  Y+@0+2,R30
                 	STD  Y+@0+3,R30
                 	.ENDM
                 
                 	.MACRO __POINTB1MN
                 	LDI  R30,LOW(@0+(@1))
                 	.ENDM
                 
                 	.MACRO __POINTW1MN
                 	LDI  R30,LOW(@0+(@1))
                 	LDI  R31,HIGH(@0+(@1))
                 	.ENDM
                 
                 	.MACRO __POINTD1M
                 	LDI  R30,LOW(@0)
                 	LDI  R31,HIGH(@0)
                 	LDI  R22,BYTE3(@0)
                 	LDI  R23,BYTE4(@0)
                 	.ENDM
                 
                 	.MACRO __POINTW1FN
                 	LDI  R30,LOW(2*@0+(@1))
                 	LDI  R31,HIGH(2*@0+(@1))
                 	.ENDM
                 
                 	.MACRO __POINTD1FN
                 	LDI  R30,LOW(2*@0+(@1))
                 	LDI  R31,HIGH(2*@0+(@1))
                 	LDI  R22,BYTE3(2*@0+(@1))
                 	LDI  R23,BYTE4(2*@0+(@1))
                 	.ENDM
                 
                 	.MACRO __POINTB2MN
                 	LDI  R26,LOW(@0+(@1))
                 	.ENDM
                 
                 	.MACRO __POINTW2MN
                 	LDI  R26,LOW(@0+(@1))
                 	LDI  R27,HIGH(@0+(@1))
                 	.ENDM
                 
                 	.MACRO __POINTW2FN
                 	LDI  R26,LOW(2*@0+(@1))
                 	LDI  R27,HIGH(2*@0+(@1))
                 	.ENDM
                 
                 	.MACRO __POINTD2FN
                 	LDI  R26,LOW(2*@0+(@1))
                 	LDI  R27,HIGH(2*@0+(@1))
                 	LDI  R24,BYTE3(2*@0+(@1))
                 	LDI  R25,BYTE4(2*@0+(@1))
                 	.ENDM
                 
                 	.MACRO __POINTBRM
                 	LDI  R@0,LOW(@1)
                 	.ENDM
                 
                 	.MACRO __POINTWRM
                 	LDI  R@0,LOW(@2)
                 	LDI  R@1,HIGH(@2)
                 	.ENDM
                 
                 	.MACRO __POINTBRMN
                 	LDI  R@0,LOW(@1+(@2))
                 	.ENDM
                 
                 	.MACRO __POINTWRMN
                 	LDI  R@0,LOW(@2+(@3))
                 	LDI  R@1,HIGH(@2+(@3))
                 	.ENDM
                 
                 	.MACRO __POINTWRFN
                 	LDI  R@0,LOW(@2*2+(@3))
                 	LDI  R@1,HIGH(@2*2+(@3))
                 	.ENDM
                 
                 	.MACRO __GETD1N
                 	LDI  R30,LOW(@0)
                 	LDI  R31,HIGH(@0)
                 	LDI  R22,BYTE3(@0)
                 	LDI  R23,BYTE4(@0)
                 	.ENDM
                 
                 	.MACRO __GETD2N
                 	LDI  R26,LOW(@0)
                 	LDI  R27,HIGH(@0)
                 	LDI  R24,BYTE3(@0)
                 	LDI  R25,BYTE4(@0)
                 	.ENDM
                 
                 	.MACRO __GETB1MN
                 	LDS  R30,@0+(@1)
                 	.ENDM
                 
                 	.MACRO __GETB1HMN
                 	LDS  R31,@0+(@1)
                 	.ENDM
                 
                 	.MACRO __GETW1MN
                 	LDS  R30,@0+(@1)
                 	LDS  R31,@0+(@1)+1
                 	.ENDM
                 
                 	.MACRO __GETD1MN
                 	LDS  R30,@0+(@1)
                 	LDS  R31,@0+(@1)+1
                 	LDS  R22,@0+(@1)+2
                 	LDS  R23,@0+(@1)+3
                 	.ENDM
                 
                 	.MACRO __GETBRMN
                 	LDS  R@0,@1+(@2)
                 	.ENDM
                 
                 	.MACRO __GETWRMN
                 	LDS  R@0,@2+(@3)
                 	LDS  R@1,@2+(@3)+1
                 	.ENDM
                 
                 	.MACRO __GETWRZ
                 	LDD  R@0,Z+@2
                 	LDD  R@1,Z+@2+1
                 	.ENDM
                 
                 	.MACRO __GETD2Z
                 	LDD  R26,Z+@0
                 	LDD  R27,Z+@0+1
                 	LDD  R24,Z+@0+2
                 	LDD  R25,Z+@0+3
                 	.ENDM
                 
                 	.MACRO __GETB2MN
                 	LDS  R26,@0+(@1)
                 	.ENDM
                 
                 	.MACRO __GETW2MN
                 	LDS  R26,@0+(@1)
                 	LDS  R27,@0+(@1)+1
                 	.ENDM
                 
                 	.MACRO __GETD2MN
                 	LDS  R26,@0+(@1)
                 	LDS  R27,@0+(@1)+1
                 	LDS  R24,@0+(@1)+2
                 	LDS  R25,@0+(@1)+3
                 	.ENDM
                 
                 	.MACRO __PUTB1MN
                 	STS  @0+(@1),R30
                 	.ENDM
                 
                 	.MACRO __PUTW1MN
                 	STS  @0+(@1),R30
                 	STS  @0+(@1)+1,R31
                 	.ENDM
                 
                 	.MACRO __PUTD1MN
                 	STS  @0+(@1),R30
                 	STS  @0+(@1)+1,R31
                 	STS  @0+(@1)+2,R22
                 	STS  @0+(@1)+3,R23
                 	.ENDM
                 
                 	.MACRO __PUTB1EN
                 	LDI  R26,LOW(@0+(@1))
                 	LDI  R27,HIGH(@0+(@1))
                 	CALL __EEPROMWRB
                 	.ENDM
                 
                 	.MACRO __PUTW1EN
                 	LDI  R26,LOW(@0+(@1))
                 	LDI  R27,HIGH(@0+(@1))
                 	CALL __EEPROMWRW
                 	.ENDM
                 
                 	.MACRO __PUTD1EN
                 	LDI  R26,LOW(@0+(@1))
                 	LDI  R27,HIGH(@0+(@1))
                 	CALL __EEPROMWRD
                 	.ENDM
                 
                 	.MACRO __PUTBR0MN
                 	STS  @0+(@1),R0
                 	.ENDM
                 
                 	.MACRO __PUTBMRN
                 	STS  @0+(@1),R@2
                 	.ENDM
                 
                 	.MACRO __PUTWMRN
                 	STS  @0+(@1),R@2
                 	STS  @0+(@1)+1,R@3
                 	.ENDM
                 
                 	.MACRO __PUTBZR
                 	STD  Z+@1,R@0
                 	.ENDM
                 
                 	.MACRO __PUTWZR
                 	STD  Z+@2,R@0
                 	STD  Z+@2+1,R@1
                 	.ENDM
                 
                 	.MACRO __GETW1R
                 	MOV  R30,R@0
                 	MOV  R31,R@1
                 	.ENDM
                 
                 	.MACRO __GETW2R
                 	MOV  R26,R@0
                 	MOV  R27,R@1
                 	.ENDM
                 
                 	.MACRO __GETWRN
                 	LDI  R@0,LOW(@2)
                 	LDI  R@1,HIGH(@2)
                 	.ENDM
                 
                 	.MACRO __PUTW1R
                 	MOV  R@0,R30
                 	MOV  R@1,R31
                 	.ENDM
                 
                 	.MACRO __PUTW2R
                 	MOV  R@0,R26
                 	MOV  R@1,R27
                 	.ENDM
                 
                 	.MACRO __ADDWRN
                 	SUBI R@0,LOW(-@2)
                 	SBCI R@1,HIGH(-@2)
                 	.ENDM
                 
                 	.MACRO __ADDWRR
                 	ADD  R@0,R@2
                 	ADC  R@1,R@3
                 	.ENDM
                 
                 	.MACRO __SUBWRN
                 	SUBI R@0,LOW(@2)
                 	SBCI R@1,HIGH(@2)
                 	.ENDM
                 
                 	.MACRO __SUBWRR
                 	SUB  R@0,R@2
                 	SBC  R@1,R@3
                 	.ENDM
                 
                 	.MACRO __ANDWRN
                 	ANDI R@0,LOW(@2)
                 	ANDI R@1,HIGH(@2)
                 	.ENDM
                 
                 	.MACRO __ANDWRR
                 	AND  R@0,R@2
                 	AND  R@1,R@3
                 	.ENDM
                 
                 	.MACRO __ORWRN
                 	ORI  R@0,LOW(@2)
                 	ORI  R@1,HIGH(@2)
                 	.ENDM
                 
                 	.MACRO __ORWRR
                 	OR   R@0,R@2
                 	OR   R@1,R@3
                 	.ENDM
                 
                 	.MACRO __EORWRR
                 	EOR  R@0,R@2
                 	EOR  R@1,R@3
                 	.ENDM
                 
                 	.MACRO __GETWRS
                 	LDD  R@0,Y+@2
                 	LDD  R@1,Y+@2+1
                 	.ENDM
                 
                 	.MACRO __PUTBSR
                 	STD  Y+@1,R@0
                 	.ENDM
                 
                 	.MACRO __PUTWSR
                 	STD  Y+@2,R@0
                 	STD  Y+@2+1,R@1
                 	.ENDM
                 
                 	.MACRO __MOVEWRR
                 	MOV  R@0,R@2
                 	MOV  R@1,R@3
                 	.ENDM
                 
                 	.MACRO __INWR
                 	IN   R@0,@2
                 	IN   R@1,@2+1
                 	.ENDM
                 
                 	.MACRO __OUTWR
                 	OUT  @2+1,R@1
                 	OUT  @2,R@0
                 	.ENDM
                 
                 	.MACRO __CALL1MN
                 	LDS  R30,@0+(@1)
                 	LDS  R31,@0+(@1)+1
                 	ICALL
                 	.ENDM
                 
                 	.MACRO __CALL1FN
                 	LDI  R30,LOW(2*@0+(@1))
                 	LDI  R31,HIGH(2*@0+(@1))
                 	CALL __GETW1PF
                 	ICALL
                 	.ENDM
                 
                 	.MACRO __CALL2EN
                 	PUSH R26
                 	PUSH R27
                 	LDI  R26,LOW(@0+(@1))
                 	LDI  R27,HIGH(@0+(@1))
                 	CALL __EEPROMRDW
                 	POP  R27
                 	POP  R26
                 	ICALL
                 	.ENDM
                 
                 	.MACRO __CALL2EX
                 	SUBI R26,LOW(-@0)
                 	SBCI R27,HIGH(-@0)
                 	CALL __EEPROMRDD
                 	ICALL
                 	.ENDM
                 
                 	.MACRO __GETW1STACK
                 	IN   R30,SPL
                 	IN   R31,SPH
                 	ADIW R30,@0+1
                 	LD   R0,Z+
                 	LD   R31,Z
                 	MOV  R30,R0
                 	.ENDM
                 
                 	.MACRO __GETD1STACK
                 	IN   R30,SPL
                 	IN   R31,SPH
                 	ADIW R30,@0+1
                 	LD   R0,Z+
                 	LD   R1,Z+
                 	LD   R22,Z
                 	MOVW R30,R0
                 	.ENDM
                 
                 	.MACRO __NBST
                 	BST  R@0,@1
                 	IN   R30,SREG
                 	LDI  R31,0x40
                 	EOR  R30,R31
                 	OUT  SREG,R30
                 	.ENDM
                 
                 
                 	.MACRO __PUTB1SN
                 	LDD  R26,Y+@0
                 	LDD  R27,Y+@0+1
                 	SUBI R26,LOW(-@1)
                 	SBCI R27,HIGH(-@1)
                 	ST   X,R30
                 	.ENDM
                 
                 	.MACRO __PUTW1SN
                 	LDD  R26,Y+@0
                 	LDD  R27,Y+@0+1
                 	SUBI R26,LOW(-@1)
                 	SBCI R27,HIGH(-@1)
                 	ST   X+,R30
                 	ST   X,R31
                 	.ENDM
                 
                 	.MACRO __PUTD1SN
                 	LDD  R26,Y+@0
                 	LDD  R27,Y+@0+1
                 	SUBI R26,LOW(-@1)
                 	SBCI R27,HIGH(-@1)
                 	CALL __PUTDP1
                 	.ENDM
                 
                 	.MACRO __PUTB1SNS
                 	LDD  R26,Y+@0
                 	LDD  R27,Y+@0+1
                 	ADIW R26,@1
                 	ST   X,R30
                 	.ENDM
                 
                 	.MACRO __PUTW1SNS
                 	LDD  R26,Y+@0
                 	LDD  R27,Y+@0+1
                 	ADIW R26,@1
                 	ST   X+,R30
                 	ST   X,R31
                 	.ENDM
                 
                 	.MACRO __PUTD1SNS
                 	LDD  R26,Y+@0
                 	LDD  R27,Y+@0+1
                 	ADIW R26,@1
                 	CALL __PUTDP1
                 	.ENDM
                 
                 	.MACRO __PUTB1PMN
                 	LDS  R26,@0
                 	LDS  R27,@0+1
                 	SUBI R26,LOW(-@1)
                 	SBCI R27,HIGH(-@1)
                 	ST   X,R30
                 	.ENDM
                 
                 	.MACRO __PUTW1PMN
                 	LDS  R26,@0
                 	LDS  R27,@0+1
                 	SUBI R26,LOW(-@1)
                 	SBCI R27,HIGH(-@1)
                 	ST   X+,R30
                 	ST   X,R31
                 	.ENDM
                 
                 	.MACRO __PUTD1PMN
                 	LDS  R26,@0
                 	LDS  R27,@0+1
                 	SUBI R26,LOW(-@1)
                 	SBCI R27,HIGH(-@1)
                 	CALL __PUTDP1
                 	.ENDM
                 
                 	.MACRO __PUTB1PMNS
                 	LDS  R26,@0
                 	LDS  R27,@0+1
                 	ADIW R26,@1
                 	ST   X,R30
                 	.ENDM
                 
                 	.MACRO __PUTW1PMNS
                 	LDS  R26,@0
                 	LDS  R27,@0+1
                 	ADIW R26,@1
                 	ST   X+,R30
                 	ST   X,R31
                 	.ENDM
                 
                 	.MACRO __PUTD1PMNS
                 	LDS  R26,@0
                 	LDS  R27,@0+1
                 	ADIW R26,@1
                 	CALL __PUTDP1
                 	.ENDM
                 
                 	.MACRO __PUTB1RN
                 	MOVW R26,R@0
                 	SUBI R26,LOW(-@1)
                 	SBCI R27,HIGH(-@1)
                 	ST   X,R30
                 	.ENDM
                 
                 	.MACRO __PUTW1RN
                 	MOVW R26,R@0
                 	SUBI R26,LOW(-@1)
                 	SBCI R27,HIGH(-@1)
                 	ST   X+,R30
                 	ST   X,R31
                 	.ENDM
                 
                 	.MACRO __PUTD1RN
                 	MOVW R26,R@0
                 	SUBI R26,LOW(-@1)
                 	SBCI R27,HIGH(-@1)
                 	CALL __PUTDP1
                 	.ENDM
                 
                 	.MACRO __PUTB1RNS
                 	MOVW R26,R@0
                 	ADIW R26,@1
                 	ST   X,R30
                 	.ENDM
                 
                 	.MACRO __PUTW1RNS
                 	MOVW R26,R@0
                 	ADIW R26,@1
                 	ST   X+,R30
                 	ST   X,R31
                 	.ENDM
                 
                 	.MACRO __PUTD1RNS
                 	MOVW R26,R@0
                 	ADIW R26,@1
                 	CALL __PUTDP1
                 	.ENDM
                 
                 	.MACRO __PUTB1RON
                 	MOV  R26,R@0
                 	MOV  R27,R@1
                 	SUBI R26,LOW(-@2)
                 	SBCI R27,HIGH(-@2)
                 	ST   X,R30
                 	.ENDM
                 
                 	.MACRO __PUTW1RON
                 	MOV  R26,R@0
                 	MOV  R27,R@1
                 	SUBI R26,LOW(-@2)
                 	SBCI R27,HIGH(-@2)
                 	ST   X+,R30
                 	ST   X,R31
                 	.ENDM
                 
                 	.MACRO __PUTD1RON
                 	MOV  R26,R@0
                 	MOV  R27,R@1
                 	SUBI R26,LOW(-@2)
                 	SBCI R27,HIGH(-@2)
                 	CALL __PUTDP1
                 	.ENDM
                 
                 	.MACRO __PUTB1RONS
                 	MOV  R26,R@0
                 	MOV  R27,R@1
                 	ADIW R26,@2
                 	ST   X,R30
                 	.ENDM
                 
                 	.MACRO __PUTW1RONS
                 	MOV  R26,R@0
                 	MOV  R27,R@1
                 	ADIW R26,@2
                 	ST   X+,R30
                 	ST   X,R31
                 	.ENDM
                 
                 	.MACRO __PUTD1RONS
                 	MOV  R26,R@0
                 	MOV  R27,R@1
                 	ADIW R26,@2
                 	CALL __PUTDP1
                 	.ENDM
                 
                 
                 	.MACRO __GETB1SX
                 	MOVW R30,R28
                 	SUBI R30,LOW(-@0)
                 	SBCI R31,HIGH(-@0)
                 	LD   R30,Z
                 	.ENDM
                 
                 	.MACRO __GETB1HSX
                 	MOVW R30,R28
                 	SUBI R30,LOW(-@0)
                 	SBCI R31,HIGH(-@0)
                 	LD   R31,Z
                 	.ENDM
                 
                 	.MACRO __GETW1SX
                 	MOVW R30,R28
                 	SUBI R30,LOW(-@0)
                 	SBCI R31,HIGH(-@0)
                 	LD   R0,Z+
                 	LD   R31,Z
                 	MOV  R30,R0
                 	.ENDM
                 
                 	.MACRO __GETD1SX
                 	MOVW R30,R28
                 	SUBI R30,LOW(-@0)
                 	SBCI R31,HIGH(-@0)
                 	LD   R0,Z+
                 	LD   R1,Z+
                 	LD   R22,Z+
                 	LD   R23,Z
                 	MOVW R30,R0
                 	.ENDM
                 
                 	.MACRO __GETB2SX
                 	MOVW R26,R28
                 	SUBI R26,LOW(-@0)
                 	SBCI R27,HIGH(-@0)
                 	LD   R26,X
                 	.ENDM
                 
                 	.MACRO __GETW2SX
                 	MOVW R26,R28
                 	SUBI R26,LOW(-@0)
                 	SBCI R27,HIGH(-@0)
                 	LD   R0,X+
                 	LD   R27,X
                 	MOV  R26,R0
                 	.ENDM
                 
                 	.MACRO __GETD2SX
                 	MOVW R26,R28
                 	SUBI R26,LOW(-@0)
                 	SBCI R27,HIGH(-@0)
                 	LD   R0,X+
                 	LD   R1,X+
                 	LD   R24,X+
                 	LD   R25,X
                 	MOVW R26,R0
                 	.ENDM
                 
                 	.MACRO __GETBRSX
                 	MOVW R30,R28
                 	SUBI R30,LOW(-@1)
                 	SBCI R31,HIGH(-@1)
                 	LD   R@0,Z
                 	.ENDM
                 
                 	.MACRO __GETWRSX
                 	MOVW R30,R28
                 	SUBI R30,LOW(-@2)
                 	SBCI R31,HIGH(-@2)
                 	LD   R@0,Z+
                 	LD   R@1,Z
                 	.ENDM
                 
                 	.MACRO __GETBRSX2
                 	MOVW R26,R28
                 	SUBI R26,LOW(-@1)
                 	SBCI R27,HIGH(-@1)
                 	LD   R@0,X
                 	.ENDM
                 
                 	.MACRO __GETWRSX2
                 	MOVW R26,R28
                 	SUBI R26,LOW(-@2)
                 	SBCI R27,HIGH(-@2)
                 	LD   R@0,X+
                 	LD   R@1,X
                 	.ENDM
                 
                 	.MACRO __LSLW8SX
                 	MOVW R30,R28
                 	SUBI R30,LOW(-@0)
                 	SBCI R31,HIGH(-@0)
                 	LD   R31,Z
                 	CLR  R30
                 	.ENDM
                 
                 	.MACRO __PUTB1SX
                 	MOVW R26,R28
                 	SUBI R26,LOW(-@0)
                 	SBCI R27,HIGH(-@0)
                 	ST   X,R30
                 	.ENDM
                 
                 	.MACRO __PUTW1SX
                 	MOVW R26,R28
                 	SUBI R26,LOW(-@0)
                 	SBCI R27,HIGH(-@0)
                 	ST   X+,R30
                 	ST   X,R31
                 	.ENDM
                 
                 	.MACRO __PUTD1SX
                 	MOVW R26,R28
                 	SUBI R26,LOW(-@0)
                 	SBCI R27,HIGH(-@0)
                 	ST   X+,R30
                 	ST   X+,R31
                 	ST   X+,R22
                 	ST   X,R23
                 	.ENDM
                 
                 	.MACRO __CLRW1SX
                 	MOVW R26,R28
                 	SUBI R26,LOW(-@0)
                 	SBCI R27,HIGH(-@0)
                 	ST   X+,R30
                 	ST   X,R30
                 	.ENDM
                 
                 	.MACRO __CLRD1SX
                 	MOVW R26,R28
                 	SUBI R26,LOW(-@0)
                 	SBCI R27,HIGH(-@0)
                 	ST   X+,R30
                 	ST   X+,R30
                 	ST   X+,R30
                 	ST   X,R30
                 	.ENDM
                 
                 	.MACRO __PUTB2SX
                 	MOVW R30,R28
                 	SUBI R30,LOW(-@0)
                 	SBCI R31,HIGH(-@0)
                 	ST   Z,R26
                 	.ENDM
                 
                 	.MACRO __PUTW2SX
                 	MOVW R30,R28
                 	SUBI R30,LOW(-@0)
                 	SBCI R31,HIGH(-@0)
                 	ST   Z+,R26
                 	ST   Z,R27
                 	.ENDM
                 
                 	.MACRO __PUTD2SX
                 	MOVW R30,R28
                 	SUBI R30,LOW(-@0)
                 	SBCI R31,HIGH(-@0)
                 	ST   Z+,R26
                 	ST   Z+,R27
                 	ST   Z+,R24
                 	ST   Z,R25
                 	.ENDM
                 
                 	.MACRO __PUTBSRX
                 	MOVW R30,R28
                 	SUBI R30,LOW(-@1)
                 	SBCI R31,HIGH(-@1)
                 	ST   Z,R@0
                 	.ENDM
                 
                 	.MACRO __PUTWSRX
                 	MOVW R30,R28
                 	SUBI R30,LOW(-@2)
                 	SBCI R31,HIGH(-@2)
                 	ST   Z+,R@0
                 	ST   Z,R@1
                 	.ENDM
                 
                 	.MACRO __PUTB1SNX
                 	MOVW R26,R28
                 	SUBI R26,LOW(-@0)
                 	SBCI R27,HIGH(-@0)
                 	LD   R0,X+
                 	LD   R27,X
                 	MOV  R26,R0
                 	SUBI R26,LOW(-@1)
                 	SBCI R27,HIGH(-@1)
                 	ST   X,R30
                 	.ENDM
                 
                 	.MACRO __PUTW1SNX
                 	MOVW R26,R28
                 	SUBI R26,LOW(-@0)
                 	SBCI R27,HIGH(-@0)
                 	LD   R0,X+
                 	LD   R27,X
                 	MOV  R26,R0
                 	SUBI R26,LOW(-@1)
                 	SBCI R27,HIGH(-@1)
                 	ST   X+,R30
                 	ST   X,R31
                 	.ENDM
                 
                 	.MACRO __PUTD1SNX
                 	MOVW R26,R28
                 	SUBI R26,LOW(-@0)
                 	SBCI R27,HIGH(-@0)
                 	LD   R0,X+
                 	LD   R27,X
                 	MOV  R26,R0
                 	SUBI R26,LOW(-@1)
                 	SBCI R27,HIGH(-@1)
                 	ST   X+,R30
                 	ST   X+,R31
                 	ST   X+,R22
                 	ST   X,R23
                 	.ENDM
                 
                 	.MACRO __MULBRR
                 	MULS R@0,R@1
                 	MOVW R30,R0
                 	.ENDM
                 
                 	.MACRO __MULBRRU
                 	MUL  R@0,R@1
                 	MOVW R30,R0
                 	.ENDM
                 
                 	.MACRO __MULBRR0
                 	MULS R@0,R@1
                 	.ENDM
                 
                 	.MACRO __MULBRRU0
                 	MUL  R@0,R@1
                 	.ENDM
                 
                 	.MACRO __MULBNWRU
                 	LDI  R26,@2
                 	MUL  R26,R@0
                 	MOVW R30,R0
                 	MUL  R26,R@1
                 	ADD  R31,R0
                 	.ENDM
                 
                 ;NAME DEFINITIONS FOR GLOBAL VARIABLES ALLOCATED TO REGISTERS
                 	.DEF _rx_wr_index=R5
                 	.DEF _rx_rd_index=R4
                 	.DEF _rx_counter=R7
                 	.DEF _sotonenamayesh=R6
                 	.DEF __lcd_x=R9
                 	.DEF __lcd_y=R8
                 	.DEF __lcd_maxx=R11
                 
                 	.CSEG
                 	.ORG 0x00
                 
                 ;START OF CODE MARKER
                 __START_OF_CODE:
                 
                 ;INTERRUPT VECTORS
000000 940c 0053 	JMP  __RESET
000002 940c 0000 	JMP  0x00
000004 940c 0000 	JMP  0x00
000006 940c 0000 	JMP  0x00
000008 940c 0000 	JMP  0x00
00000a 940c 0000 	JMP  0x00
00000c 940c 0000 	JMP  0x00
00000e 940c 0000 	JMP  0x00
000010 940c 0000 	JMP  0x00
000012 940c 0000 	JMP  0x00
000014 940c 0000 	JMP  0x00
000016 940c 0000 	JMP  0x00
000018 940c 0000 	JMP  0x00
00001a 940c 007f 	JMP  _usart_rx_isr
00001c 940c 0000 	JMP  0x00
00001e 940c 0000 	JMP  0x00
000020 940c 0000 	JMP  0x00
000022 940c 0000 	JMP  0x00
000024 940c 0000 	JMP  0x00
000026 940c 0000 	JMP  0x00
000028 940c 0000 	JMP  0x00
                 
                 _tbl10_G101:
00002a 2710
00002b 03e8
00002c 0064
00002d 000a      	.DB  0x10,0x27,0xE8,0x3,0x64,0x0,0xA,0x0
00002e 0001      	.DB  0x1,0x0
                 _tbl16_G101:
00002f 1000
000030 0100
000031 0010
000032 0001      	.DB  0x0,0x10,0x0,0x1,0x10,0x0,0x1,0x0
                 
                 ;REGISTER BIT VARIABLES INITIALIZATION
                 __REG_BIT_VARS:
000033 0000      	.DW  0x0000
                 
                 ;GLOBAL REGISTER VARIABLES INITIALIZATION
                 __REG_VARS:
000034 0000
000035 0005      	.DB  0x0,0x0,0x5,0x0
                 
                 _0x0:
000036 656d
000037 7268
000038 6e61
000039 7420      	.DB  0x6D,0x65,0x68,0x72,0x61,0x6E,0x20,0x74
00003a 6d61
00003b 696a
00003c 6964
00003d 6400      	.DB  0x61,0x6D,0x6A,0x69,0x64,0x69,0x0,0x64
00003e 6d61
00003f 3d61
000040 4100
000041 2b54      	.DB  0x61,0x6D,0x61,0x3D,0x0,0x41,0x54,0x2B
000042 3043
000043 3132
I:\r3\Debug\List\asfgg.asm(1142): warning: .cseg .db misalignment - padding zero byte
000044 0000      	.DB  0x43,0x30,0x32,0x31,0x0
                 _0x2040003:
000045 c080      	.DB  0x80,0xC0
                 
                 __GLOBAL_INI_TBL:
000046 0001      	.DW  0x01
000047 0002      	.DW  0x02
000048 0066      	.DW  __REG_BIT_VARS*2
                 
000049 0004      	.DW  0x04
00004a 0004      	.DW  0x04
00004b 0068      	.DW  __REG_VARS*2
                 
00004c 0008      	.DW  0x08
00004d 0260      	.DW  _0x27
00004e 0081      	.DW  _0x0*2+21
                 
00004f 0002      	.DW  0x02
000050 0270      	.DW  __base_y_G102
000051 008a      	.DW  _0x2040003*2
                 
                 _0xFFFFFFFF:
000052 0000      	.DW  0
                 
                 #define __GLOBAL_INI_TBL_PRESENT 1
                 
                 __RESET:
000053 94f8      	CLI
000054 27ee      	CLR  R30
000055 bbec      	OUT  EECR,R30
                 
                 ;INTERRUPT VECTORS ARE PLACED
                 ;AT THE START OF FLASH
000056 e0f1      	LDI  R31,1
000057 bff5      	OUT  MCUCR,R31
000058 bfe5      	OUT  MCUCR,R30
                 
                 ;CLEAR R2-R14
000059 e08d      	LDI  R24,(14-2)+1
00005a e0a2      	LDI  R26,2
00005b 27bb      	CLR  R27
                 __CLEAR_REG:
00005c 93ed      	ST   X+,R30
00005d 958a      	DEC  R24
00005e f7e9      	BRNE __CLEAR_REG
                 
                 ;CLEAR SRAM
00005f e080      	LDI  R24,LOW(__CLEAR_SRAM_SIZE)
000060 e098      	LDI  R25,HIGH(__CLEAR_SRAM_SIZE)
000061 e6a0      	LDI  R26,__SRAM_START
                 __CLEAR_SRAM:
000062 93ed      	ST   X+,R30
000063 9701      	SBIW R24,1
000064 f7e9      	BRNE __CLEAR_SRAM
                 
                 ;GLOBAL VARIABLES INITIALIZATION
000065 e8ec      	LDI  R30,LOW(__GLOBAL_INI_TBL*2)
000066 e0f0      	LDI  R31,HIGH(__GLOBAL_INI_TBL*2)
                 __GLOBAL_INI_NEXT:
000067 9185      	LPM  R24,Z+
000068 9195      	LPM  R25,Z+
000069 9700      	SBIW R24,0
00006a f061      	BREQ __GLOBAL_INI_END
00006b 91a5      	LPM  R26,Z+
00006c 91b5      	LPM  R27,Z+
00006d 9005      	LPM  R0,Z+
00006e 9015      	LPM  R1,Z+
00006f 01bf      	MOVW R22,R30
000070 01f0      	MOVW R30,R0
                 __GLOBAL_INI_LOOP:
000071 9005      	LPM  R0,Z+
000072 920d      	ST   X+,R0
000073 9701      	SBIW R24,1
000074 f7e1      	BRNE __GLOBAL_INI_LOOP
000075 01fb      	MOVW R30,R22
000076 cff0      	RJMP __GLOBAL_INI_NEXT
                 __GLOBAL_INI_END:
                 
                 ;HARDWARE STACK POINTER INITIALIZATION
000077 e5ef      	LDI  R30,LOW(__SRAM_END-__HEAP_SIZE)
000078 bfed      	OUT  SPL,R30
000079 e0e8      	LDI  R30,HIGH(__SRAM_END-__HEAP_SIZE)
00007a bfee      	OUT  SPH,R30
                 
                 ;DATA STACK POINTER INITIALIZATION
00007b e6c0      	LDI  R28,LOW(__SRAM_START+__DSTACK_SIZE)
00007c e0d2      	LDI  R29,HIGH(__SRAM_START+__DSTACK_SIZE)
                 
00007d 940c 00f4 	JMP  _main
                 
                 	.ESEG
                 	.ORG 0
                 
                 	.DSEG
                 	.ORG 0x260
                 
                 	.CSEG
                 ;/*******************************************************
                 ;This program was created by the
                 ;CodeWizardAVR V3.12 Advanced
                 ;Automatic Program Generator
                 ;© Copyright 1998-2014 Pavel Haiduc, HP InfoTech s.r.l.
                 ;http://www.hpinfotech.com
                 ;
                 ;Project :
                 ;Version :
                 ;Date    : 12/27/2019
                 ;Author  :
                 ;Company :
                 ;Comments:
                 ;
                 ;
                 ;Chip type               : ATmega32A
                 ;Program type            : Application
                 ;AVR Core Clock frequency: 4.000000 MHz
                 ;Memory model            : Small
                 ;External RAM size       : 0
                 ;Data Stack size         : 512
                 ;*******************************************************/
                 ;
                 ;
                 ;#include <mega32a.h>
                 	#ifndef __SLEEP_DEFINED__
                 	#define __SLEEP_DEFINED__
                 	.EQU __se_bit=0x80
                 	.EQU __sm_mask=0x70
                 	.EQU __sm_powerdown=0x20
                 	.EQU __sm_powersave=0x30
                 	.EQU __sm_standby=0x60
                 	.EQU __sm_ext_standby=0x70
                 	.EQU __sm_adc_noise_red=0x10
                 	.SET power_ctrl_reg=mcucr
                 	#endif
                 ;#include <ctype.h>
                 ;#include <delay.h>
                 ;#include <stdio.h>
                 ;#asm
                    .equ __lcd_port=0x1B ;PORTA
                 ; 0000 001F #endasm
                 ;#include <lcd.h>
                 ;// Alphanumeric LCD functions
                 ;
                 ;// Declare your global variables here
                 ;
                 ;#define DATA_REGISTER_EMPTY (1<<UDRE)
                 ;#define RX_COMPLETE (1<<RXC)
                 ;#define FRAMING_ERROR (1<<FE)
                 ;#define PARITY_ERROR (1<<UPE)
                 ;#define DATA_OVERRUN (1<<DOR)
                 ;
                 ;// USART Receiver buffer
                 ;#define RX_BUFFER_SIZE 8
                 ;char rx_buffer[RX_BUFFER_SIZE];
                 ;
                 ;#if RX_BUFFER_SIZE <= 256
                 ;unsigned char rx_wr_index=0,rx_rd_index=0;
                 ;#else
                 ;unsigned int rx_wr_index=0,rx_rd_index=0;
                 ;#endif
                 ;
                 ;#if RX_BUFFER_SIZE < 256
                 ;unsigned char rx_counter=0;
                 ;#else
                 ;unsigned int rx_counter=0;
                 ;#endif
                 ;
                 ;// This flag is set on USART Receiver buffer overflow
                 ;bit rx_buffer_overflow;
                 ;
                 ;unsigned char sotonenamayesh=5;
                 ;// USART Receiver interrupt service routine
                 ;interrupt [USART_RXC] void usart_rx_isr(void)
                 ; 0000 0041 {
                 
                 	.CSEG
                 _usart_rx_isr:
                 ; .FSTART _usart_rx_isr
00007f 920a      	ST   -Y,R0
000080 921a      	ST   -Y,R1
000081 92fa      	ST   -Y,R15
000082 936a      	ST   -Y,R22
000083 937a      	ST   -Y,R23
000084 938a      	ST   -Y,R24
000085 939a      	ST   -Y,R25
000086 93aa      	ST   -Y,R26
000087 93ba      	ST   -Y,R27
000088 93ea      	ST   -Y,R30
000089 93fa      	ST   -Y,R31
00008a b7ef      	IN   R30,SREG
00008b 93ea      	ST   -Y,R30
                 ; 0000 0042 
                 ; 0000 0043 //  char lcd_buffer[32];
                 ; 0000 0044 char status,data,ok;
                 ; 0000 0045 
                 ; 0000 0046 status=UCSRA;
00008c 940e 0238 	CALL __SAVELOCR4
                 ;	status -> R17
                 ;	data -> R16
                 ;	ok -> R19
00008e b11b      	IN   R17,11
                 ; 0000 0047 data=UDR;
00008f b10c      	IN   R16,12
                 ; 0000 0048 
                 ; 0000 0049 
                 ; 0000 004A if(sotonenamayesh==10){sotonenamayesh=5; delay_ms(600);}
000090 e0ea      	LDI  R30,LOW(10)
000091 15e6      	CP   R30,R6
000092 f431      	BRNE _0x3
000093 e0e5      	LDI  R30,LOW(5)
000094 2e6e      	MOV  R6,R30
000095 e5a8      	LDI  R26,LOW(600)
000096 e0b2      	LDI  R27,HIGH(600)
000097 940e 022e 	CALL _delay_ms
                 ; 0000 004B if(data=='@') goto no_display1;
                 _0x3:
000099 3400      	CPI  R16,64
00009a f0f1      	BREQ _0x5
                 ; 0000 004C if(data=='A') goto no_display2;
00009b 3401      	CPI  R16,65
00009c f129      	BREQ _0x7
                 ; 0000 004D if(data=='D') goto no_display3;
00009d 3404      	CPI  R16,68
00009e f139      	BREQ _0x9
                 ; 0000 004E if(data=='#'){
00009f 3203      	CPI  R16,35
0000a0 f419      	BRNE _0xA
                 ; 0000 004F sotonenamayesh=5;
0000a1 e0e5      	LDI  R30,LOW(5)
0000a2 2e6e      	MOV  R6,R30
                 ; 0000 0050 goto no_display1;
0000a3 c015      	RJMP _0x5
                 ; 0000 0051 }
                 ; 0000 0052 //------------------------------------------
                 ; 0000 0053 if(data=='.') goto dis_allow;
                 _0xA:
0000a4 320e      	CPI  R16,46
0000a5 f059      	BREQ _0xC
                 ; 0000 0054 //if(data=='A') { goto dis_allow; PORTD=1; }
                 ; 0000 0055 //ok=data;
                 ; 0000 0056 ok=isdigit(data);
0000a6 2fa0      	MOV  R26,R16
0000a7 940e 012f 	CALL _isdigit
0000a9 2f3e      	MOV  R19,R30
                 ; 0000 0057 if(ok!=1){
0000aa 3031      	CPI  R19,1
0000ab f029      	BREQ _0xD
                 ; 0000 0058 lcd_gotoxy(sotonenamayesh,0);
0000ac 926a      	ST   -Y,R6
0000ad e0a0      	LDI  R26,LOW(0)
0000ae 940e 0191 	CALL _lcd_gotoxy
                 ; 0000 0059 goto exit;
0000b0 c007      	RJMP _0xE
                 ; 0000 005A }
                 ; 0000 005B dis_allow:
                 _0xD:
                 _0xC:
                 ; 0000 005C //-----------------------------------------------
                 ; 0000 005D lcd_gotoxy(sotonenamayesh,0);
0000b1 926a      	ST   -Y,R6
0000b2 e0a0      	LDI  R26,LOW(0)
0000b3 940e 0191 	CALL _lcd_gotoxy
                 ; 0000 005E lcd_putchar(data);
0000b5 2fa0      	MOV  R26,R16
0000b6 940e 01b4 	CALL _lcd_putchar
                 ; 0000 005F 
                 ; 0000 0060 
                 ; 0000 0061 
                 ; 0000 0062 exit:
                 _0xE:
                 ; 0000 0063 sotonenamayesh++;
0000b8 9463      	INC  R6
                 ; 0000 0064 
                 ; 0000 0065 no_display1:
                 _0x5:
                 ; 0000 0066 //delay_ms(1000);
                 ; 0000 0067 lcd_gotoxy(0,1);
0000b9 e0e0      	LDI  R30,LOW(0)
0000ba 93ea      	ST   -Y,R30
0000bb e0a1      	LDI  R26,LOW(1)
0000bc 940e 0191 	CALL _lcd_gotoxy
                 ; 0000 0068 if(data=='@') {PORTB.2=0 ; PORTB.3=0 ; }
0000be 3400      	CPI  R16,64
0000bf f411      	BRNE _0xF
0000c0 98c2      	CBI  0x18,2
0000c1 98c3      	CBI  0x18,3
                 ; 0000 0069 //lcd_puts(lcd_buffer);
                 ; 0000 006A 
                 ; 0000 006B     no_display2:
                 _0xF:
                 _0x7:
                 ; 0000 006C     if(data=='A'){ PORTB.2=1 ; PORTB.3=0 ; }
0000c2 3401      	CPI  R16,65
0000c3 f411      	BRNE _0x14
0000c4 9ac2      	SBI  0x18,2
0000c5 98c3      	CBI  0x18,3
                 ; 0000 006D     no_display3:
                 _0x14:
                 _0x9:
                 ; 0000 006E     if(data=='D'){ PORTB.2=1 ; PORTB.3=1 ; }
0000c6 3404      	CPI  R16,68
0000c7 f411      	BRNE _0x19
0000c8 9ac2      	SBI  0x18,2
0000c9 9ac3      	SBI  0x18,3
                 ; 0000 006F 
                 ; 0000 0070 
                 ; 0000 0071                     lcd_gotoxy(0,1);
                 _0x19:
0000ca e0e0      	LDI  R30,LOW(0)
0000cb 93ea      	ST   -Y,R30
0000cc e0a1      	LDI  R26,LOW(1)
0000cd 940e 0191 	CALL _lcd_gotoxy
                 ; 0000 0072 
                 ; 0000 0073 
                 ; 0000 0074 if ((status & (FRAMING_ERROR | PARITY_ERROR | DATA_OVERRUN))==0)
0000cf 2fe1      	MOV  R30,R17
0000d0 71ec      	ANDI R30,LOW(0x1C)
0000d1 f489      	BRNE _0x1E
                 ; 0000 0075    {
                 ; 0000 0076    rx_buffer[rx_wr_index++]=data;
0000d2 2de5      	MOV  R30,R5
0000d3 9453      	INC  R5
0000d4 e0f0      	LDI  R31,0
0000d5 59e8      	SUBI R30,LOW(-_rx_buffer)
0000d6 4ffd      	SBCI R31,HIGH(-_rx_buffer)
0000d7 8300      	ST   Z,R16
                 ; 0000 0077 #if RX_BUFFER_SIZE == 256
                 ; 0000 0078    // special case for receiver buffer size=256
                 ; 0000 0079    if (++rx_counter == 0) rx_buffer_overflow=1;
                 ; 0000 007A #else
                 ; 0000 007B    if (rx_wr_index == RX_BUFFER_SIZE) rx_wr_index=0;
0000d8 e0e8      	LDI  R30,LOW(8)
0000d9 15e5      	CP   R30,R5
0000da f409      	BRNE _0x1F
0000db 2455      	CLR  R5
                 ; 0000 007C    if (++rx_counter == RX_BUFFER_SIZE)
                 _0x1F:
0000dc 9473      	INC  R7
0000dd e0e8      	LDI  R30,LOW(8)
0000de 15e7      	CP   R30,R7
0000df f419      	BRNE _0x20
                 ; 0000 007D       {
                 ; 0000 007E       rx_counter=0;
0000e0 2477      	CLR  R7
                 ; 0000 007F       rx_buffer_overflow=1;
0000e1 9468      	SET
0000e2 f820      	BLD  R2,0
                 ; 0000 0080       }
                 ; 0000 0081 #endif
                 ; 0000 0082    }
                 _0x20:
                 ; 0000 0083 }
                 _0x1E:
0000e3 940e 023d 	CALL __LOADLOCR4
0000e5 9624      	ADIW R28,4
0000e6 91e9      	LD   R30,Y+
0000e7 bfef      	OUT  SREG,R30
0000e8 91f9      	LD   R31,Y+
0000e9 91e9      	LD   R30,Y+
0000ea 91b9      	LD   R27,Y+
0000eb 91a9      	LD   R26,Y+
0000ec 9199      	LD   R25,Y+
0000ed 9189      	LD   R24,Y+
0000ee 9179      	LD   R23,Y+
0000ef 9169      	LD   R22,Y+
0000f0 90f9      	LD   R15,Y+
0000f1 9019      	LD   R1,Y+
0000f2 9009      	LD   R0,Y+
0000f3 9518      	RETI
                 ; .FEND
                 ;
                 ;#ifndef _DEBUG_TERMINAL_IO_
                 ;// Get a character from the USART Receiver buffer
                 ;#define _ALTERNATE_GETCHAR_
                 ;#pragma used+
                 ;char getchar(void)
                 ; 0000 008A {
                 ; 0000 008B char data;
                 ; 0000 008C while (rx_counter==0);
                 ;	data -> R17
                 ; 0000 008D data=rx_buffer[rx_rd_index++];
                 ; 0000 008E #if RX_BUFFER_SIZE != 256
                 ; 0000 008F if (rx_rd_index == RX_BUFFER_SIZE) rx_rd_index=0;
                 ; 0000 0090 #endif
                 ; 0000 0091 #asm("cli")
                 ; 0000 0092 --rx_counter;
                 ; 0000 0093 #asm("sei")
                 ; 0000 0094 return data;
                 ; 0000 0095 }
                 ;#pragma used-
                 ;#endif
                 ;
                 ;
                 ;
                 ;void main(void)
                 ; 0000 009C {
                 _main:
                 ; .FSTART _main
                 ; 0000 009D 
                 ; 0000 009E DDRD=0X00;
0000f4 e0e0      	LDI  R30,LOW(0)
0000f5 bbe1      	OUT  0x11,R30
                 ; 0000 009F PORTD=0XFF;
0000f6 efef      	LDI  R30,LOW(255)
0000f7 bbe2      	OUT  0x12,R30
                 ; 0000 00A0 DDRC=0X00;
0000f8 e0e0      	LDI  R30,LOW(0)
0000f9 bbe4      	OUT  0x14,R30
                 ; 0000 00A1 PORTC=0XFF;
0000fa efef      	LDI  R30,LOW(255)
0000fb bbe5      	OUT  0x15,R30
                 ; 0000 00A2 DDRB=0XFF;
0000fc bbe7      	OUT  0x17,R30
                 ; 0000 00A3 
                 ; 0000 00A4 // USART initialization
                 ; 0000 00A5 // Communication Parameters: 8 Data, 1 Stop, No Parity
                 ; 0000 00A6 // USART Receiver: On
                 ; 0000 00A7 // USART Transmitter: Off
                 ; 0000 00A8 // USART Mode: Asynchronous
                 ; 0000 00A9 // USART Baud Rate: 4800
                 ; 0000 00AA UCSRA=(0<<RXC) | (0<<TXC) | (0<<UDRE) | (0<<FE) | (0<<DOR) | (0<<UPE) | (0<<U2X) | (0<<MPCM);
0000fd e0e0      	LDI  R30,LOW(0)
0000fe b9eb      	OUT  0xB,R30
                 ; 0000 00AB UCSRB=(1<<RXCIE) | (0<<TXCIE) | (0<<UDRIE) | (1<<RXEN) | (1<<TXEN) | (0<<UCSZ2) | (0<<RXB8) | (0<<TXB8);
0000ff e9e8      	LDI  R30,LOW(152)
000100 b9ea      	OUT  0xA,R30
                 ; 0000 00AC UCSRC=(1<<URSEL) | (0<<UMSEL) | (0<<UPM1) | (0<<UPM0) | (0<<USBS) | (1<<UCSZ1) | (1<<UCSZ0) | (0<<UCPOL);
000101 e8e6      	LDI  R30,LOW(134)
000102 bde0      	OUT  0x20,R30
                 ; 0000 00AD UBRRH=0x00;
000103 e0e0      	LDI  R30,LOW(0)
000104 bde0      	OUT  0x20,R30
                 ; 0000 00AE UBRRL=0x19;
000105 e1e9      	LDI  R30,LOW(25)
000106 b9e9      	OUT  0x9,R30
                 ; 0000 00AF 
                 ; 0000 00B0 
                 ; 0000 00B1 lcd_init(16);
000107 e1a0      	LDI  R26,LOW(16)
000108 940e 01f2 	CALL _lcd_init
                 ; 0000 00B2 lcd_putsf("mehran tamjidi");
                +
00010a e6ac     +LDI R26 , LOW ( 2 * _0x0 + ( 0 ) )
00010b e0b0     +LDI R27 , HIGH ( 2 * _0x0 + ( 0 ) )
                 	__POINTW2FN _0x0,0
00010c 940e 01ce 	CALL _lcd_putsf
                 ; 0000 00B3 lcd_gotoxy(1,0);
00010e e0e1      	LDI  R30,LOW(1)
00010f 93ea      	ST   -Y,R30
000110 e0a0      	LDI  R26,LOW(0)
000111 940e 0191 	CALL _lcd_gotoxy
                 ; 0000 00B4 delay_ms(1000);
000113 eea8      	LDI  R26,LOW(1000)
000114 e0b3      	LDI  R27,HIGH(1000)
000115 940e 022e 	CALL _delay_ms
                 ; 0000 00B5 lcd_clear();
000117 940e 01a1 	CALL _lcd_clear
                 ; 0000 00B6 lcd_putsf("dama=");
                +
000119 e7ab     +LDI R26 , LOW ( 2 * _0x0 + ( 15 ) )
00011a e0b0     +LDI R27 , HIGH ( 2 * _0x0 + ( 15 ) )
                 	__POINTW2FN _0x0,15
00011b 940e 01ce 	CALL _lcd_putsf
                 ; 0000 00B7 lcd_gotoxy(0,0);
00011d e0e0      	LDI  R30,LOW(0)
00011e 93ea      	ST   -Y,R30
00011f e0a0      	LDI  R26,LOW(0)
000120 940e 0191 	CALL _lcd_gotoxy
                 ; 0000 00B8 delay_ms(500);
000122 efa4      	LDI  R26,LOW(500)
000123 e0b1      	LDI  R27,HIGH(500)
000124 940e 022e 	CALL _delay_ms
                 ; 0000 00B9 #asm("sei")
000126 9478      	sei
                 ; 0000 00BA PORTB.7=0;
000127 98c7      	CBI  0x18,7
                 ; 0000 00BB 
                 ; 0000 00BC puts("AT+C021") ;
                +
000128 e6a0     +LDI R26 , LOW ( _0x27 + ( 0 ) )
000129 e0b2     +LDI R27 , HIGH ( _0x27 + ( 0 ) )
                 	__POINTW2MN _0x27,0
00012a 940e 013f 	CALL _puts
                 ; 0000 00BD PORTB.7=1;
00012c 9ac7      	SBI  0x18,7
                 ; 0000 00BE while (1)
                 _0x2A:
                 ; 0000 00BF       {
                 ; 0000 00C0       // Place your code here
                 ; 0000 00C1 
                 ; 0000 00C2       }
00012d cfff      	RJMP _0x2A
                 ; 0000 00C3 }
                 _0x2D:
00012e cfff      	RJMP _0x2D
                 ; .FEND
                 
                 	.DSEG
                 _0x27:
000260           	.BYTE 0x8
                 ;
                 ;
                 ;
                 
                 	.CSEG
                 _isdigit:
                 ; .FSTART _isdigit
00012f 93aa      	ST   -Y,R26
000130 e0e1          ldi  r30,1
000131 91f9          ld   r31,y+
000132 33f0          cpi  r31,'0'
000133 f010          brlo isdigit0
000134 33fa          cpi  r31,'9'+1
000135 f008          brlo isdigit1
                 isdigit0:
000136 27ee          clr  r30
                 isdigit1:
000137 9508          ret
                 ; .FEND
                 	#ifndef __SLEEP_DEFINED__
                 	#endif
                 
                 	.CSEG
                 _putchar:
                 ; .FSTART _putchar
000138 93aa      	ST   -Y,R26
                 putchar0:
000139 9b5d           sbis usr,udre
00013a cffe           rjmp putchar0
00013b 81e8           ld   r30,y
00013c b9ec           out  udr,r30
00013d 940c 0223 	JMP  _0x2080001
                 ; .FEND
                 _puts:
                 ; .FSTART _puts
00013f 93ba      	ST   -Y,R27
000140 93aa      	ST   -Y,R26
000141 931a      	ST   -Y,R17
                 _0x2020003:
000142 81a9      	LDD  R26,Y+1
000143 81ba      	LDD  R27,Y+1+1
000144 91ed      	LD   R30,X+
000145 83a9      	STD  Y+1,R26
000146 83ba      	STD  Y+1+1,R27
000147 2f1e      	MOV  R17,R30
000148 30e0      	CPI  R30,0
000149 f019      	BREQ _0x2020005
00014a 2fa1      	MOV  R26,R17
00014b dfec      	RCALL _putchar
00014c cff5      	RJMP _0x2020003
                 _0x2020005:
00014d e0aa      	LDI  R26,LOW(10)
00014e dfe9      	RCALL _putchar
00014f 940c 01de 	JMP  _0x2080002
                 ; .FEND
                     .equ __lcd_direction=__lcd_port-1
                     .equ __lcd_pin=__lcd_port-2
                     .equ __lcd_rs=0
                     .equ __lcd_rd=1
                     .equ __lcd_enable=2
                     .equ __lcd_busy_flag=7
                 
                 	.DSEG
                 
                 	.CSEG
                 __lcd_delay_G102:
                 ; .FSTART __lcd_delay_G102
000151 e0ff          ldi   r31,15
                 __lcd_delay0:
000152 95fa          dec   r31
000153 f7f1          brne  __lcd_delay0
000154 9508      	RET
                 ; .FEND
                 __lcd_ready:
                 ; .FSTART __lcd_ready
000155 b3aa          in    r26,__lcd_direction
000156 70af          andi  r26,0xf                 ;set as input
000157 bbaa          out   __lcd_direction,r26
000158 9ad9          sbi   __lcd_port,__lcd_rd     ;RD=1
000159 98d8          cbi   __lcd_port,__lcd_rs     ;RS=0
                 __lcd_busy:
00015a dff6      	RCALL __lcd_delay_G102
00015b 9ada          sbi   __lcd_port,__lcd_enable ;EN=1
00015c dff4      	RCALL __lcd_delay_G102
00015d b3a9          in    r26,__lcd_pin
00015e 98da          cbi   __lcd_port,__lcd_enable ;EN=0
00015f dff1      	RCALL __lcd_delay_G102
000160 9ada          sbi   __lcd_port,__lcd_enable ;EN=1
000161 dfef      	RCALL __lcd_delay_G102
000162 98da          cbi   __lcd_port,__lcd_enable ;EN=0
000163 fda7          sbrc  r26,__lcd_busy_flag
000164 cff5          rjmp  __lcd_busy
000165 9508      	RET
                 ; .FEND
                 __lcd_write_nibble_G102:
                 ; .FSTART __lcd_write_nibble_G102
000166 7fa0          andi  r26,0xf0
000167 2bab          or    r26,r27
000168 bbab          out   __lcd_port,r26          ;write
000169 9ada          sbi   __lcd_port,__lcd_enable ;EN=1
00016a 940e 0151 	CALL __lcd_delay_G102
00016c 98da          cbi   __lcd_port,__lcd_enable ;EN=0
00016d 940e 0151 	CALL __lcd_delay_G102
00016f 9508      	RET
                 ; .FEND
                 __lcd_write_data:
                 ; .FSTART __lcd_write_data
000170 93aa      	ST   -Y,R26
000171 98d9          cbi  __lcd_port,__lcd_rd 	  ;RD=0
000172 b3aa          in    r26,__lcd_direction
000173 6fa7          ori   r26,0xf0 | (1<<__lcd_rs) | (1<<__lcd_rd) | (1<<__lcd_enable) ;set as output
000174 bbaa          out   __lcd_direction,r26
000175 b3bb          in    r27,__lcd_port
000176 70bf          andi  r27,0xf
000177 81a8          ld    r26,y
000178 dfed      	RCALL __lcd_write_nibble_G102
000179 81a8          ld    r26,y
00017a 95a2          swap  r26
00017b dfea      	RCALL __lcd_write_nibble_G102
00017c 9ad9          sbi   __lcd_port,__lcd_rd     ;RD=1
00017d 940c 0223 	JMP  _0x2080001
                 ; .FEND
                 __lcd_read_nibble_G102:
                 ; .FSTART __lcd_read_nibble_G102
00017f 9ada          sbi   __lcd_port,__lcd_enable ;EN=1
000180 940e 0151 	CALL __lcd_delay_G102
000182 b3e9          in    r30,__lcd_pin           ;read
000183 98da          cbi   __lcd_port,__lcd_enable ;EN=0
000184 940e 0151 	CALL __lcd_delay_G102
000186 7fe0          andi  r30,0xf0
000187 9508      	RET
                 ; .FEND
                 _lcd_read_byte0_G102:
                 ; .FSTART _lcd_read_byte0_G102
000188 940e 0151 	CALL __lcd_delay_G102
00018a dff4      	RCALL __lcd_read_nibble_G102
00018b 2fae          mov   r26,r30
00018c dff2      	RCALL __lcd_read_nibble_G102
00018d 98d9          cbi   __lcd_port,__lcd_rd     ;RD=0
00018e 95e2          swap  r30
00018f 2bea          or    r30,r26
000190 9508      	RET
                 ; .FEND
                 _lcd_gotoxy:
                 ; .FSTART _lcd_gotoxy
000191 93aa      	ST   -Y,R26
000192 940e 0155 	CALL __lcd_ready
000194 81e8      	LD   R30,Y
000195 e0f0      	LDI  R31,0
000196 59e0      	SUBI R30,LOW(-__base_y_G102)
000197 4ffd      	SBCI R31,HIGH(-__base_y_G102)
000198 81e0      	LD   R30,Z
000199 81a9      	LDD  R26,Y+1
00019a 0fae      	ADD  R26,R30
00019b 940e 0170 	CALL __lcd_write_data
00019d 8099      	LDD  R9,Y+1
00019e 8088      	LDD  R8,Y+0
00019f 9622      	ADIW R28,2
0001a0 9508      	RET
                 ; .FEND
                 _lcd_clear:
                 ; .FSTART _lcd_clear
0001a1 940e 0155 	CALL __lcd_ready
0001a3 e0a2      	LDI  R26,LOW(2)
0001a4 940e 0170 	CALL __lcd_write_data
0001a6 940e 0155 	CALL __lcd_ready
0001a8 e0ac      	LDI  R26,LOW(12)
0001a9 940e 0170 	CALL __lcd_write_data
0001ab 940e 0155 	CALL __lcd_ready
0001ad e0a1      	LDI  R26,LOW(1)
0001ae 940e 0170 	CALL __lcd_write_data
0001b0 e0e0      	LDI  R30,LOW(0)
0001b1 2e8e      	MOV  R8,R30
0001b2 2e9e      	MOV  R9,R30
0001b3 9508      	RET
                 ; .FEND
                 _lcd_putchar:
                 ; .FSTART _lcd_putchar
0001b4 93aa      	ST   -Y,R26
0001b5 93ef          push r30
0001b6 93ff          push r31
0001b7 81a8          ld   r26,y
0001b8 9468          set
0001b9 30aa          cpi  r26,10
0001ba f019          breq __lcd_putchar1
0001bb 94e8          clt
0001bc 149b      	CP   R9,R11
0001bd f030      	BRLO _0x2040004
                 	__lcd_putchar1:
0001be 9483      	INC  R8
0001bf e0e0      	LDI  R30,LOW(0)
0001c0 93ea      	ST   -Y,R30
0001c1 2da8      	MOV  R26,R8
0001c2 dfce      	RCALL _lcd_gotoxy
0001c3 f036      	brts __lcd_putchar0
                 _0x2040004:
0001c4 9493      	INC  R9
0001c5 df8f          rcall __lcd_ready
0001c6 9ad8          sbi  __lcd_port,__lcd_rs ;RS=1
0001c7 81a8      	LD   R26,Y
0001c8 940e 0170 	CALL __lcd_write_data
                 __lcd_putchar0:
0001ca 91ff          pop  r31
0001cb 91ef          pop  r30
0001cc 940c 0223 	JMP  _0x2080001
                 ; .FEND
                 _lcd_putsf:
                 ; .FSTART _lcd_putsf
0001ce 93ba      	ST   -Y,R27
0001cf 93aa      	ST   -Y,R26
0001d0 931a      	ST   -Y,R17
                 _0x2040008:
0001d1 81e9      	LDD  R30,Y+1
0001d2 81fa      	LDD  R31,Y+1+1
0001d3 9631      	ADIW R30,1
0001d4 83e9      	STD  Y+1,R30
0001d5 83fa      	STD  Y+1+1,R31
0001d6 9731      	SBIW R30,1
0001d7 91e4      	LPM  R30,Z
0001d8 2f1e      	MOV  R17,R30
0001d9 30e0      	CPI  R30,0
0001da f019      	BREQ _0x204000A
0001db 2fa1      	MOV  R26,R17
0001dc dfd7      	RCALL _lcd_putchar
0001dd cff3      	RJMP _0x2040008
                 _0x204000A:
                 _0x2080002:
0001de 8118      	LDD  R17,Y+0
0001df 9623      	ADIW R28,3
0001e0 9508      	RET
                 ; .FEND
                 __long_delay_G102:
                 ; .FSTART __long_delay_G102
0001e1 27aa          clr   r26
0001e2 27bb          clr   r27
                 __long_delay0:
0001e3 9711          sbiw  r26,1         ;2 cycles
0001e4 f7f1          brne  __long_delay0 ;2 cycles
0001e5 9508      	RET
                 ; .FEND
                 __lcd_init_write_G102:
                 ; .FSTART __lcd_init_write_G102
0001e6 93aa      	ST   -Y,R26
0001e7 98d9          cbi  __lcd_port,__lcd_rd 	  ;RD=0
0001e8 b3aa          in    r26,__lcd_direction
0001e9 6fa7          ori   r26,0xf7                ;set as output
0001ea bbaa          out   __lcd_direction,r26
0001eb b3bb          in    r27,__lcd_port
0001ec 70bf          andi  r27,0xf
0001ed 81a8          ld    r26,y
0001ee 940e 0166 	CALL __lcd_write_nibble_G102
0001f0 9ad9          sbi   __lcd_port,__lcd_rd     ;RD=1
0001f1 c031      	RJMP _0x2080001
                 ; .FEND
                 _lcd_init:
                 ; .FSTART _lcd_init
0001f2 93aa      	ST   -Y,R26
0001f3 98da          cbi   __lcd_port,__lcd_enable ;EN=0
0001f4 98d8          cbi   __lcd_port,__lcd_rs     ;RS=0
0001f5 80b8      	LDD  R11,Y+0
0001f6 81e8      	LD   R30,Y
0001f7 58e0      	SUBI R30,-LOW(128)
                +
0001f8 93e0 0272+STS __base_y_G102 + ( 2 ) , R30
                 	__PUTB1MN __base_y_G102,2
0001fa 81e8      	LD   R30,Y
0001fb 54e0      	SUBI R30,-LOW(192)
                +
0001fc 93e0 0273+STS __base_y_G102 + ( 3 ) , R30
                 	__PUTB1MN __base_y_G102,3
0001fe 940e 0225 	CALL SUBOPT_0x0
000200 940e 0225 	CALL SUBOPT_0x0
000202 940e 0225 	CALL SUBOPT_0x0
000204 dfdc      	RCALL __long_delay_G102
000205 e2a0      	LDI  R26,LOW(32)
000206 dfdf      	RCALL __lcd_init_write_G102
000207 dfd9      	RCALL __long_delay_G102
000208 e2a8      	LDI  R26,LOW(40)
000209 940e 022a 	CALL SUBOPT_0x1
00020b e0a4      	LDI  R26,LOW(4)
00020c 940e 022a 	CALL SUBOPT_0x1
00020e e8a5      	LDI  R26,LOW(133)
00020f 940e 022a 	CALL SUBOPT_0x1
000211 b3aa          in    r26,__lcd_direction
000212 70af          andi  r26,0xf                 ;set as input
000213 bbaa          out   __lcd_direction,r26
000214 9ad9          sbi   __lcd_port,__lcd_rd     ;RD=1
000215 940e 0188 	CALL _lcd_read_byte0_G102
000217 30e5      	CPI  R30,LOW(0x5)
000218 f011      	BREQ _0x204000B
000219 e0e0      	LDI  R30,LOW(0)
00021a c008      	RJMP _0x2080001
                 _0x204000B:
00021b 940e 0155 	CALL __lcd_ready
00021d e0a6      	LDI  R26,LOW(6)
00021e 940e 0170 	CALL __lcd_write_data
000220 940e 01a1 	CALL _lcd_clear
000222 e0e1      	LDI  R30,LOW(1)
                 _0x2080001:
000223 9621      	ADIW R28,1
000224 9508      	RET
                 ; .FEND
                 
                 	.CSEG
                 
                 	.DSEG
                 _rx_buffer:
000268           	.BYTE 0x8
                 __base_y_G102:
000270           	.BYTE 0x4
                 
                 	.CSEG
                 ;OPTIMIZER ADDED SUBROUTINE, CALLED 3 TIMES, CODE SIZE REDUCTION:3 WORDS
                 SUBOPT_0x0:
000225 940e 01e1 	CALL __long_delay_G102
000227 e3a0      	LDI  R26,LOW(48)
000228 940c 01e6 	JMP  __lcd_init_write_G102
                 
                 ;OPTIMIZER ADDED SUBROUTINE, CALLED 3 TIMES, CODE SIZE REDUCTION:1 WORDS
                 SUBOPT_0x1:
00022a 940e 0170 	CALL __lcd_write_data
00022c 940c 01e1 	JMP  __long_delay_G102
                 
                 
                 	.CSEG
                 _delay_ms:
00022e 9610      	adiw r26,0
00022f f039      	breq __delay_ms1
                 __delay_ms0:
                +
000230 ee88     +LDI R24 , LOW ( 0x3E8 )
000231 e093     +LDI R25 , HIGH ( 0x3E8 )
                +__DELAY_USW_LOOP :
000232 9701     +SBIW R24 , 1
000233 f7f1     +BRNE __DELAY_USW_LOOP
                 	__DELAY_USW 0x3E8
000234 95a8      	wdr
000235 9711      	sbiw r26,1
000236 f7c9      	brne __delay_ms0
                 __delay_ms1:
000237 9508      	ret
                 
                 __SAVELOCR4:
000238 933a      	ST   -Y,R19
                 __SAVELOCR3:
000239 932a      	ST   -Y,R18
                 __SAVELOCR2:
00023a 931a      	ST   -Y,R17
00023b 930a      	ST   -Y,R16
00023c 9508      	RET
                 
                 __LOADLOCR4:
00023d 813b      	LDD  R19,Y+3
                 __LOADLOCR3:
00023e 812a      	LDD  R18,Y+2
                 __LOADLOCR2:
00023f 8119      	LDD  R17,Y+1
000240 8108      	LD   R16,Y
000241 9508      	RET
                 
                 ;END OF CODE MARKER
                 __END_OF_CODE:


RESOURCE USE INFORMATION
------------------------

Notice:
The register and instruction counts are symbol table hit counts,
and hence implicitly used resources are not counted, eg, the
'lpm' instruction without operands implicitly uses r0 and z,
none of which are counted.

x,y,z are separate entities in the symbol table and are
counted separately from r26..r31 here.

.dseg memory usage only counts static data declared with .byte

ATmega32A register use summary:
r0 :   6 r1 :   3 r2 :   1 r3 :   0 r4 :   0 r5 :   4 r6 :   6 r7 :   3 
r8 :   4 r9 :   4 r10:   0 r11:   2 r12:   0 r13:   0 r14:   0 r15:   2 
r16:  14 r17:  11 r18:   2 r19:   4 r20:   0 r21:   0 r22:   4 r23:   2 
r24:  11 r25:   5 r26:  76 r27:  20 r28:   5 r29:   1 r30: 100 r31:  18 
x  :   4 y  :  75 z  :  10 
Registers used: 27 out of 35 (77.1%)

ATmega32A instruction use summary:
.lds  :   0 .lds.l:   0 .sts  :   0 .sts.l:   0 adc   :   0 add   :   1 
adiw  :   6 and   :   0 andi  :   7 asr   :   0 bclr  :   0 bld   :   1 
brbc  :   0 brbs  :   0 brcc  :   0 brcs  :   0 break :   0 breq  :  11 
brge  :   0 brhc  :   0 brhs  :   0 brid  :   0 brie  :   0 brlo  :   3 
brlt  :   0 brmi  :   0 brne  :  15 brpl  :   0 brsh  :   0 brtc  :   0 
brts  :   1 brvc  :   0 brvs  :   0 bset  :   0 bst   :   0 call  :  45 
cbi   :  14 cbr   :   0 clc   :   0 clh   :   0 cli   :   1 cln   :   0 
clr   :   7 cls   :   0 clt   :   1 clv   :   0 clz   :   0 com   :   0 
cp    :   4 cpc   :   0 cpi   :  15 cpse  :   0 dec   :   2 des   :   0 
eor   :   0 fmul  :   0 fmuls :   0 fmulsu:   0 icall :   0 ijmp  :   0 
in    :  11 inc   :   5 jmp   :  28 ld    :  25 ldd   :  12 ldi   :  69 
lds   :   0 lpm   :   9 lsl   :   0 lsr   :   0 mov   :  15 movw  :   3 
mul   :   0 muls  :   0 mulsu :   0 neg   :   0 nop   :   0 or    :   2 
ori   :   2 out   :  22 pop   :   2 push  :   2 rcall :  16 ret   :  14 
reti  :   1 rjmp  :  11 rol   :   0 ror   :   0 sbc   :   0 sbci  :   2 
sbi   :  13 sbic  :   0 sbis  :   1 sbiw  :   7 sbr   :   0 sbrc  :   1 
sbrs  :   0 sec   :   0 seh   :   0 sei   :   1 sen   :   0 ser   :   0 
ses   :   0 set   :   2 sev   :   0 sez   :   0 sleep :   0 spm   :   0 
st    :  40 std   :   4 sts   :   2 sub   :   0 subi  :   4 swap  :   2 
tst   :   0 wdr   :   1 
Instructions used: 47 out of 116 (40.5%)

ATmega32A memory use summary [bytes]:
Segment   Begin    End      Code   Data   Used    Size   Use%
---------------------------------------------------------------
[.cseg] 0x000000 0x000484   1074     82   1156   32768   3.5%
[.dseg] 0x000060 0x000274      0     20     20    2048   1.0%
[.eseg] 0x000000 0x000000      0      0      0    1024   0.0%

Assembly complete, 0 errors, 8 warnings
